<?xml version="1.0" encoding="UTF-8"?>
<!-- Generated by org.testng.reporters.JUnitXMLReporter -->
<testsuite ignored="5" hostname="Venkat-Lappy" failures="0" tests="0" time="0.028" errors="0" timestamp="2022-03-15T22:29:28 EDT">
  <testcase classname="testNGFramework.TestNGAssertions" name="LaunchBrowser" time="0.0">
    <ignored/>
  </testcase> <!-- LaunchBrowser -->
  <testcase classname="testNGFramework.TestNGAssertions" name="TitleTest" time="0.0">
    <ignored/>
  </testcase> <!-- TitleTest -->
  <testcase classname="testNGFramework.TestNGAssertions" name="CurrURLTest" time="0.0">
    <ignored/>
  </testcase> <!-- CurrURLTest -->
  <testcase classname="testNGFramework.TestNGAssertions" name="LoginTest" time="0.0">
    <ignored/>
  </testcase> <!-- LoginTest -->
  <testcase classname="testNGFramework.TestNGAssertions" name="logout" time="0.0">
    <ignored/>
  </testcase> <!-- logout -->
</testsuite>
