<?xml version="1.0" encoding="UTF-8"?>
<!-- Generated by org.testng.reporters.JUnitXMLReporter -->
<testsuite ignored="2" hostname="Venkat-Lappy" failures="0" tests="3" name="Test1" time="19.808" errors="0" timestamp="2022-03-15T23:27:43 EDT">
  <testcase classname="testNGFramework.TestNGAssertions" name="LaunchBrowser" time="6.974"/>
  <testcase classname="testNGFramework.TestNGAssertions" name="LoginTest" time="8.486"/>
  <testcase classname="testNGFramework.TestNGAssertions" name="logout" time="4.315"/>
  <testcase classname="testNGFramework.TestNGAssertions" name="TitleTest" time="0.0">
    <ignored/>
  </testcase> <!-- TitleTest -->
  <testcase classname="testNGFramework.TestNGAssertions" name="CurrURLTest" time="0.0">
    <ignored/>
  </testcase> <!-- CurrURLTest -->
</testsuite> <!-- Test1 -->
